

***********************************************************************
Fatal NI connect error 12560, connecting to:
 (DESCRIPTION=(ADDRESS=(PROTOCOL=BEQ)(PROGRAM=oracle)(ARGV0=oracleORCL)(ARGS='(DESCRIPTION=(LOCAL=YES)(ADDRESS=(PROTOCOL=beq)))'))(CONNECT_DATA=(SID=ORCL)(CID=(PROGRAM=C:\GANPROJ\bin\GANPROJ.exe)(HOST=PG-LAB-12)(USER=guestmit))))

  VERSION INFORMATION:
	TNS for 32-bit Windows: Version 9.2.0.1.0 - Production
	Oracle Bequeath NT Protocol Adapter for 32-bit Windows: Version 9.2.0.1.0 - Production
  Time: 17-MAY-2007 12:55:36
  Tracing not turned on.
  Tns error struct:
    nr err code: 0
    ns main err code: 12560
    TNS-12560: TNS:protocol adapter error
    ns secondary err code: 0
    nt main err code: 530
    TNS-00530: Protocol adapter error
    nt secondary err code: 126
    nt OS err code: 0


***********************************************************************
Fatal NI connect error 12560, connecting to:
 (DESCRIPTION=(ADDRESS=(PROTOCOL=BEQ)(PROGRAM=oracle)(ARGV0=oracleORCL)(ARGS='(DESCRIPTION=(LOCAL=YES)(ADDRESS=(PROTOCOL=beq)))'))(CONNECT_DATA=(SID=ORCL)(CID=(PROGRAM=C:\GANPROJ\bin\GANPROJ.exe)(HOST=PG-LAB-12)(USER=guestmit))))

  VERSION INFORMATION:
	TNS for 32-bit Windows: Version 9.2.0.1.0 - Production
	Oracle Bequeath NT Protocol Adapter for 32-bit Windows: Version 9.2.0.1.0 - Production
  Time: 17-MAY-2007 12:55:36
  Tracing not turned on.
  Tns error struct:
    nr err code: 0
    ns main err code: 12560
    TNS-12560: TNS:protocol adapter error
    ns secondary err code: 0
    nt main err code: 530
    TNS-00530: Protocol adapter error
    nt secondary err code: 126
    nt OS err code: 0


***********************************************************************
Fatal NI connect error 12560, connecting to:
 (DESCRIPTION=(ADDRESS=(PROTOCOL=BEQ)(PROGRAM=oracle)(ARGV0=oracleORCL)(ARGS='(DESCRIPTION=(LOCAL=YES)(ADDRESS=(PROTOCOL=beq)))'))(CONNECT_DATA=(SID=ORCL)(CID=(PROGRAM=C:\GANRECENT\bin\GANPROJ.exe)(HOST=PG-LAB-12)(USER=guestmit))))

  VERSION INFORMATION:
	TNS for 32-bit Windows: Version 9.2.0.1.0 - Production
	Oracle Bequeath NT Protocol Adapter for 32-bit Windows: Version 9.2.0.1.0 - Production
  Time: 18-MAY-2007 09:22:07
  Tracing not turned on.
  Tns error struct:
    nr err code: 0
    ns main err code: 12560
    TNS-12560: TNS:protocol adapter error
    ns secondary err code: 0
    nt main err code: 530
    TNS-00530: Protocol adapter error
    nt secondary err code: 126
    nt OS err code: 0


***********************************************************************
Fatal NI connect error 12560, connecting to:
 (DESCRIPTION=(ADDRESS=(PROTOCOL=BEQ)(PROGRAM=oracle)(ARGV0=oracleORCL)(ARGS='(DESCRIPTION=(LOCAL=YES)(ADDRESS=(PROTOCOL=beq)))'))(CONNECT_DATA=(SID=ORCL)(CID=(PROGRAM=C:\GANRECENT\bin\GANPROJ.exe)(HOST=PG-LAB-12)(USER=guestmit))))

  VERSION INFORMATION:
	TNS for 32-bit Windows: Version 9.2.0.1.0 - Production
	Oracle Bequeath NT Protocol Adapter for 32-bit Windows: Version 9.2.0.1.0 - Production
  Time: 18-MAY-2007 09:22:08
  Tracing not turned on.
  Tns error struct:
    nr err code: 0
    ns main err code: 12560
    TNS-12560: TNS:protocol adapter error
    ns secondary err code: 0
    nt main err code: 530
    TNS-00530: Protocol adapter error
    nt secondary err code: 126
    nt OS err code: 0


***********************************************************************
Fatal NI connect error 12560, connecting to:
 (DESCRIPTION=(ADDRESS=(PROTOCOL=BEQ)(PROGRAM=oracle)(ARGV0=oracleORCL)(ARGS='(DESCRIPTION=(LOCAL=YES)(ADDRESS=(PROTOCOL=beq)))'))(CONNECT_DATA=(SID=ORCL)(CID=(PROGRAM=C:\GANRECENT\bin\GANPROJ.exe)(HOST=PG-LAB-12)(USER=guestmit))))

  VERSION INFORMATION:
	TNS for 32-bit Windows: Version 9.2.0.1.0 - Production
	Oracle Bequeath NT Protocol Adapter for 32-bit Windows: Version 9.2.0.1.0 - Production
  Time: 18-MAY-2007 09:33:56
  Tracing not turned on.
  Tns error struct:
    nr err code: 0
    ns main err code: 12560
    TNS-12560: TNS:protocol adapter error
    ns secondary err code: 0
    nt main err code: 530
    TNS-00530: Protocol adapter error
    nt secondary err code: 126
    nt OS err code: 0


***********************************************************************
Fatal NI connect error 12560, connecting to:
 (DESCRIPTION=(ADDRESS=(PROTOCOL=BEQ)(PROGRAM=oracle)(ARGV0=oracleORCL)(ARGS='(DESCRIPTION=(LOCAL=YES)(ADDRESS=(PROTOCOL=beq)))'))(CONNECT_DATA=(SID=ORCL)(CID=(PROGRAM=C:\GANRECENT\bin\GANPROJ.exe)(HOST=PG-LAB-12)(USER=guestmit))))

  VERSION INFORMATION:
	TNS for 32-bit Windows: Version 9.2.0.1.0 - Production
	Oracle Bequeath NT Protocol Adapter for 32-bit Windows: Version 9.2.0.1.0 - Production
  Time: 18-MAY-2007 09:33:56
  Tracing not turned on.
  Tns error struct:
    nr err code: 0
    ns main err code: 12560
    TNS-12560: TNS:protocol adapter error
    ns secondary err code: 0
    nt main err code: 530
    TNS-00530: Protocol adapter error
    nt secondary err code: 126
    nt OS err code: 0


***********************************************************************
Fatal NI connect error 12560, connecting to:
 (DESCRIPTION=(ADDRESS=(PROTOCOL=BEQ)(PROGRAM=oracle)(ARGV0=oracleORCL)(ARGS='(DESCRIPTION=(LOCAL=YES)(ADDRESS=(PROTOCOL=beq)))'))(CONNECT_DATA=(SID=ORCL)(CID=(PROGRAM=C:\GANRECENT\bin\GANPROJ.exe)(HOST=PG-LAB-12)(USER=guestmit))))

  VERSION INFORMATION:
	TNS for 32-bit Windows: Version 9.2.0.1.0 - Production
	Oracle Bequeath NT Protocol Adapter for 32-bit Windows: Version 9.2.0.1.0 - Production
	Windows NT TCP/IP NT Protocol Adapter for 32-bit Windows: Version 9.2.0.1.0 - Production
  Time: 18-MAY-2007 09:35:42
  Tracing not turned on.
  Tns error struct:
    nr err code: 0
    ns main err code: 12560
    TNS-12560: TNS:protocol adapter error
    ns secondary err code: 0
    nt main err code: 530
    TNS-00530: Protocol adapter error
    nt secondary err code: 126
    nt OS err code: 0


***********************************************************************
Fatal NI connect error 12560, connecting to:
 (DESCRIPTION=(ADDRESS=(PROTOCOL=BEQ)(PROGRAM=oracle)(ARGV0=oracleORCL)(ARGS='(DESCRIPTION=(LOCAL=YES)(ADDRESS=(PROTOCOL=beq)))'))(CONNECT_DATA=(SID=ORCL)(CID=(PROGRAM=C:\GANRECENT\bin\GANPROJ.exe)(HOST=PG-LAB-12)(USER=guestmit))))

  VERSION INFORMATION:
	TNS for 32-bit Windows: Version 9.2.0.1.0 - Production
	Oracle Bequeath NT Protocol Adapter for 32-bit Windows: Version 9.2.0.1.0 - Production
	Windows NT TCP/IP NT Protocol Adapter for 32-bit Windows: Version 9.2.0.1.0 - Production
  Time: 18-MAY-2007 09:35:42
  Tracing not turned on.
  Tns error struct:
    nr err code: 0
    ns main err code: 12560
    TNS-12560: TNS:protocol adapter error
    ns secondary err code: 0
    nt main err code: 530
    TNS-00530: Protocol adapter error
    nt secondary err code: 126
    nt OS err code: 0


***********************************************************************
Fatal NI connect error 12560, connecting to:
 (DESCRIPTION=(ADDRESS=(PROTOCOL=BEQ)(PROGRAM=oracle)(ARGV0=oracleORCL)(ARGS='(DESCRIPTION=(LOCAL=YES)(ADDRESS=(PROTOCOL=beq)))'))(CONNECT_DATA=(SID=ORCL)(CID=(PROGRAM=C:\GANRECENT\bin\GANPROJ.exe)(HOST=PG-LAB-12)(USER=guestmit))))

  VERSION INFORMATION:
	TNS for 32-bit Windows: Version 9.2.0.1.0 - Production
	Oracle Bequeath NT Protocol Adapter for 32-bit Windows: Version 9.2.0.1.0 - Production
  Time: 18-MAY-2007 09:36:27
  Tracing not turned on.
  Tns error struct:
    nr err code: 0
    ns main err code: 12560
    TNS-12560: TNS:protocol adapter error
    ns secondary err code: 0
    nt main err code: 530
    TNS-00530: Protocol adapter error
    nt secondary err code: 126
    nt OS err code: 0


***********************************************************************
Fatal NI connect error 12560, connecting to:
 (DESCRIPTION=(ADDRESS=(PROTOCOL=BEQ)(PROGRAM=oracle)(ARGV0=oracleORCL)(ARGS='(DESCRIPTION=(LOCAL=YES)(ADDRESS=(PROTOCOL=beq)))'))(CONNECT_DATA=(SID=ORCL)(CID=(PROGRAM=C:\GANRECENT\bin\GANPROJ.exe)(HOST=PG-LAB-12)(USER=guestmit))))

  VERSION INFORMATION:
	TNS for 32-bit Windows: Version 9.2.0.1.0 - Production
	Oracle Bequeath NT Protocol Adapter for 32-bit Windows: Version 9.2.0.1.0 - Production
  Time: 18-MAY-2007 09:36:27
  Tracing not turned on.
  Tns error struct:
    nr err code: 0
    ns main err code: 12560
    TNS-12560: TNS:protocol adapter error
    ns secondary err code: 0
    nt main err code: 530
    TNS-00530: Protocol adapter error
    nt secondary err code: 126
    nt OS err code: 0
